2025-06-08 18:30:08,153 - INFO - ✅ Selenium imports successful
2025-06-08 18:30:08,159 - INFO - ✅ WebDriver Manager available
2025-06-08 18:30:08,159 - INFO - 🚀 Starting Enhanced Sponsorship Data Collection
2025-06-08 18:30:08,159 - INFO - ============================================================
2025-06-08 18:30:08,159 - INFO - 🐦 Enhanced Twitter data collection...
2025-06-08 18:30:08,159 - ERROR - Twitter API error: Consumer key must be string or bytes, not NoneType
2025-06-08 18:30:08,159 - INFO - Generating enhanced demo data...
2025-06-08 18:30:08,159 - INFO - Generating enhanced Twitter demo data...
2025-06-08 18:30:08,159 - INFO - ✅ Enhanced Twitter: 10 posts
2025-06-08 18:30:08,159 - INFO - 📱 Enhanced Reddit data collection...
2025-06-08 18:30:08,316 - INFO -    Searching r/soccer
2025-06-08 18:30:15,826 - INFO -    Searching r/football
2025-06-08 18:30:22,570 - INFO -    Searching r/nba
2025-06-08 18:30:29,913 - INFO -    Searching r/nfl
2025-06-08 18:30:36,730 - INFO -    Searching r/baseball
2025-06-08 18:30:43,964 - INFO -    Searching r/hockey
2025-06-08 18:30:50,932 - INFO -    Searching r/sports
2025-06-08 18:30:58,326 - INFO -    Searching r/SportsBusiness
2025-06-08 18:31:05,033 - INFO - ✅ Collected 42 Reddit posts
2025-06-08 18:31:05,034 - INFO - ✅ Enhanced Reddit: 42 posts
2025-06-08 18:31:05,034 - INFO - 🕷️ Enhanced Selenium multi-site scraping...
2025-06-08 18:31:05,034 - ERROR - Selenium scraping failed: 'EnhancedSponsorshipScraper' object has no attribute 'scrape_all_sites_enhanced'
2025-06-08 18:31:05,034 - INFO - Generating Selenium demo data...
2025-06-08 18:31:05,035 - INFO - ✅ Enhanced Selenium: 5 posts
2025-06-08 18:31:05,049 - INFO - Adding sponsorship metadata...
2025-06-08 18:31:05,060 - INFO - ============================================================
2025-06-08 18:31:05,060 - INFO - 📊 ENHANCED COLLECTION SUMMARY
2025-06-08 18:31:05,060 - INFO - ============================================================
2025-06-08 18:31:05,060 - INFO - Total sponsorship-relevant posts: 55
2025-06-08 18:31:05,061 - INFO -   Reddit: 40 posts (72.7%)
2025-06-08 18:31:05,061 - INFO -   Twitter: 10 posts (18.2%)
2025-06-08 18:31:05,061 - INFO -   Espn: 2 posts (3.6%)
2025-06-08 18:31:05,061 - INFO -   Front Office Sports: 2 posts (3.6%)
2025-06-08 18:31:05,061 - INFO -   Bleacher Report: 1 posts (1.8%)
2025-06-08 18:31:05,061 - INFO - \nTop mentioned brands:
2025-06-08 18:31:05,061 - INFO -   Other: 36 mentions
2025-06-08 18:31:05,061 - INFO -   Nike: 4 mentions
2025-06-08 18:31:05,061 - INFO -   Adidas: 3 mentions
2025-06-08 18:31:05,061 - INFO -   Emirates: 2 mentions
2025-06-08 18:31:05,061 - INFO -   Audi: 2 mentions
2025-06-08 18:31:05,062 - INFO - \nDate range: 2025-05-08 to 2025-06-07
2025-06-08 18:31:05,062 - INFO - ============================================================
2025-06-08 18:31:05,108 - INFO - Attempting to load distilbert-base-uncased-finetuned-sst-2-english...
2025-06-08 18:31:05,800 - INFO - ✅ Transformer model distilbert-base-uncased-finetuned-sst-2-english loaded with SafeTensors
2025-06-08 18:31:05,801 - INFO - 🚀 Starting advanced NLP processing with safety measures...
2025-06-08 18:31:05,801 - INFO - Creating comprehensive NLP features...
2025-06-08 18:31:05,801 - INFO - Advanced text preprocessing...
2025-06-08 18:31:06,055 - INFO - Multi-method sentiment analysis...
2025-06-08 18:31:06,292 - WARNING - Transformer sentiment failed: _batch_encode_plus() got an unexpected keyword argument 'use_safetensors'
2025-06-08 18:31:06,293 - WARNING - Transformer sentiment failed: _batch_encode_plus() got an unexpected keyword argument 'use_safetensors'
2025-06-08 18:31:06,293 - WARNING - Transformer sentiment failed: _batch_encode_plus() got an unexpected keyword argument 'use_safetensors'
2025-06-08 18:31:06,293 - WARNING - Transformer sentiment failed: _batch_encode_plus() got an unexpected keyword argument 'use_safetensors'
2025-06-08 18:31:06,293 - WARNING - Transformer sentiment failed: _batch_encode_plus() got an unexpected keyword argument 'use_safetensors'
2025-06-08 18:31:06,293 - WARNING - Transformer sentiment failed: _batch_encode_plus() got an unexpected keyword argument 'use_safetensors'
2025-06-08 18:31:06,293 - WARNING - Transformer sentiment failed: _batch_encode_plus() got an unexpected keyword argument 'use_safetensors'
2025-06-08 18:31:06,293 - WARNING - Transformer sentiment failed: _batch_encode_plus() got an unexpected keyword argument 'use_safetensors'
2025-06-08 18:31:06,293 - WARNING - Transformer sentiment failed: _batch_encode_plus() got an unexpected keyword argument 'use_safetensors'
2025-06-08 18:31:06,293 - WARNING - Transformer sentiment failed: _batch_encode_plus() got an unexpected keyword argument 'use_safetensors'
2025-06-08 18:31:06,293 - WARNING - Transformer sentiment failed: _batch_encode_plus() got an unexpected keyword argument 'use_safetensors'
2025-06-08 18:31:06,293 - WARNING - Transformer sentiment failed: _batch_encode_plus() got an unexpected keyword argument 'use_safetensors'
2025-06-08 18:31:06,293 - WARNING - Transformer sentiment failed: _batch_encode_plus() got an unexpected keyword argument 'use_safetensors'
2025-06-08 18:31:06,293 - WARNING - Transformer sentiment failed: _batch_encode_plus() got an unexpected keyword argument 'use_safetensors'
2025-06-08 18:31:06,293 - WARNING - Transformer sentiment failed: _batch_encode_plus() got an unexpected keyword argument 'use_safetensors'
2025-06-08 18:31:06,294 - WARNING - Transformer sentiment failed: _batch_encode_plus() got an unexpected keyword argument 'use_safetensors'
2025-06-08 18:31:06,294 - WARNING - Transformer sentiment failed: _batch_encode_plus() got an unexpected keyword argument 'use_safetensors'
2025-06-08 18:31:06,294 - WARNING - Transformer sentiment failed: _batch_encode_plus() got an unexpected keyword argument 'use_safetensors'
2025-06-08 18:31:06,294 - WARNING - Transformer sentiment failed: _batch_encode_plus() got an unexpected keyword argument 'use_safetensors'
2025-06-08 18:31:06,294 - WARNING - Transformer sentiment failed: _batch_encode_plus() got an unexpected keyword argument 'use_safetensors'
2025-06-08 18:31:06,294 - WARNING - Transformer sentiment failed: _batch_encode_plus() got an unexpected keyword argument 'use_safetensors'
2025-06-08 18:31:06,294 - WARNING - Transformer sentiment failed: _batch_encode_plus() got an unexpected keyword argument 'use_safetensors'
2025-06-08 18:31:06,295 - WARNING - Transformer sentiment failed: _batch_encode_plus() got an unexpected keyword argument 'use_safetensors'
2025-06-08 18:31:06,295 - WARNING - Transformer sentiment failed: _batch_encode_plus() got an unexpected keyword argument 'use_safetensors'
2025-06-08 18:31:06,295 - WARNING - Transformer sentiment failed: _batch_encode_plus() got an unexpected keyword argument 'use_safetensors'
2025-06-08 18:31:06,295 - WARNING - Transformer sentiment failed: _batch_encode_plus() got an unexpected keyword argument 'use_safetensors'
2025-06-08 18:31:06,295 - WARNING - Transformer sentiment failed: _batch_encode_plus() got an unexpected keyword argument 'use_safetensors'
2025-06-08 18:31:06,295 - WARNING - Transformer sentiment failed: _batch_encode_plus() got an unexpected keyword argument 'use_safetensors'
2025-06-08 18:31:06,295 - WARNING - Transformer sentiment failed: _batch_encode_plus() got an unexpected keyword argument 'use_safetensors'
2025-06-08 18:31:06,295 - WARNING - Transformer sentiment failed: _batch_encode_plus() got an unexpected keyword argument 'use_safetensors'
2025-06-08 18:31:06,295 - WARNING - Transformer sentiment failed: _batch_encode_plus() got an unexpected keyword argument 'use_safetensors'
2025-06-08 18:31:06,296 - WARNING - Transformer sentiment failed: _batch_encode_plus() got an unexpected keyword argument 'use_safetensors'
2025-06-08 18:31:06,296 - WARNING - Transformer sentiment failed: _batch_encode_plus() got an unexpected keyword argument 'use_safetensors'
2025-06-08 18:31:06,296 - WARNING - Transformer sentiment failed: _batch_encode_plus() got an unexpected keyword argument 'use_safetensors'
2025-06-08 18:31:06,296 - WARNING - Transformer sentiment failed: _batch_encode_plus() got an unexpected keyword argument 'use_safetensors'
2025-06-08 18:31:06,296 - WARNING - Transformer sentiment failed: _batch_encode_plus() got an unexpected keyword argument 'use_safetensors'
2025-06-08 18:31:06,296 - WARNING - Transformer sentiment failed: _batch_encode_plus() got an unexpected keyword argument 'use_safetensors'
2025-06-08 18:31:06,296 - WARNING - Transformer sentiment failed: _batch_encode_plus() got an unexpected keyword argument 'use_safetensors'
2025-06-08 18:31:06,297 - WARNING - Transformer sentiment failed: _batch_encode_plus() got an unexpected keyword argument 'use_safetensors'
2025-06-08 18:31:06,297 - WARNING - Transformer sentiment failed: _batch_encode_plus() got an unexpected keyword argument 'use_safetensors'
2025-06-08 18:31:06,297 - WARNING - Transformer sentiment failed: _batch_encode_plus() got an unexpected keyword argument 'use_safetensors'
2025-06-08 18:31:06,297 - WARNING - Transformer sentiment failed: _batch_encode_plus() got an unexpected keyword argument 'use_safetensors'
2025-06-08 18:31:06,297 - WARNING - Transformer sentiment failed: _batch_encode_plus() got an unexpected keyword argument 'use_safetensors'
2025-06-08 18:31:06,297 - WARNING - Transformer sentiment failed: _batch_encode_plus() got an unexpected keyword argument 'use_safetensors'
2025-06-08 18:31:06,297 - WARNING - Transformer sentiment failed: _batch_encode_plus() got an unexpected keyword argument 'use_safetensors'
2025-06-08 18:31:06,297 - WARNING - Transformer sentiment failed: _batch_encode_plus() got an unexpected keyword argument 'use_safetensors'
2025-06-08 18:31:06,298 - WARNING - Transformer sentiment failed: _batch_encode_plus() got an unexpected keyword argument 'use_safetensors'
2025-06-08 18:31:06,298 - WARNING - Transformer sentiment failed: _batch_encode_plus() got an unexpected keyword argument 'use_safetensors'
2025-06-08 18:31:06,298 - WARNING - Transformer sentiment failed: _batch_encode_plus() got an unexpected keyword argument 'use_safetensors'
2025-06-08 18:31:06,298 - WARNING - Transformer sentiment failed: _batch_encode_plus() got an unexpected keyword argument 'use_safetensors'
2025-06-08 18:31:06,298 - WARNING - Transformer sentiment failed: _batch_encode_plus() got an unexpected keyword argument 'use_safetensors'
2025-06-08 18:31:06,298 - WARNING - Transformer sentiment failed: _batch_encode_plus() got an unexpected keyword argument 'use_safetensors'
2025-06-08 18:31:06,298 - WARNING - Transformer sentiment failed: _batch_encode_plus() got an unexpected keyword argument 'use_safetensors'
2025-06-08 18:31:06,298 - WARNING - Transformer sentiment failed: _batch_encode_plus() got an unexpected keyword argument 'use_safetensors'
2025-06-08 18:31:06,298 - WARNING - Transformer sentiment failed: _batch_encode_plus() got an unexpected keyword argument 'use_safetensors'
2025-06-08 18:31:06,298 - INFO - Computing ensemble sentiment...
2025-06-08 18:31:06,299 - INFO - Computing additional features...
2025-06-08 18:31:06,308 - INFO - ✅ Comprehensive features created for 55 posts
2025-06-08 18:31:06,308 - INFO - Training ML models with safety measures...
2025-06-08 18:31:06,321 - INFO - Training logistic_regression...
2025-06-08 18:31:06,326 - INFO - logistic_regression accuracy: 0.556
2025-06-08 18:31:06,327 - INFO - Training random_forest...
2025-06-08 18:31:06,353 - INFO - random_forest accuracy: 0.556
2025-06-08 18:31:06,353 - INFO - ✅ Successfully trained 2 ML models
2025-06-08 18:31:06,353 - INFO - Best model: logistic_regression (accuracy: 0.556)
2025-06-08 18:31:06,353 - INFO - Method correlation analysis completed
2025-06-08 18:31:06,354 - INFO - ✅ Method comparison completed
2025-06-08 18:31:06,354 - INFO - ✅ Advanced NLP processing completed successfully!
2025-06-08 18:31:06,354 - INFO - 📊 Processed 55 posts with multiple sentiment methods
2025-06-08 18:31:06,359 - INFO - 📊 Creating comprehensive visualizations...
2025-06-08 18:31:09,401 - INFO - ✅ Comprehensive visualizations saved to results/
2025-06-08 18:31:09,401 - INFO - 🔍 Starting safe keyword analysis...
2025-06-08 18:31:09,401 - INFO - 🚀 Starting Comprehensive Keyword Sentiment Analysis...
2025-06-08 18:31:09,401 - INFO - ============================================================
2025-06-08 18:31:09,404 - INFO - 🔍 Analyzing keyword-level sentiments...
2025-06-08 18:31:10,352 - INFO - 📊 Creating keyword sentiment visualizations...
2025-06-08 18:31:12,653 - INFO - Keyword sentiment visualizations saved to results/
2025-06-08 18:31:12,654 - INFO - 📄 Generating keyword sentiment report...
2025-06-08 18:31:12,758 - INFO - Keyword data saved to CSV files in results/
2025-06-08 18:31:12,759 - INFO - Keyword sentiment report saved to results/keyword_sentiment_report.html
2025-06-08 18:31:12,759 - INFO - ============================================================
2025-06-08 18:31:12,759 - INFO - ✅ Comprehensive Keyword Sentiment Analysis Complete!
2025-06-08 18:31:12,759 - INFO - 📊 Analyzed 2445 unique keywords
2025-06-08 18:31:12,759 - INFO - 🟢 Positive keywords: 805
2025-06-08 18:31:12,759 - INFO - 🔴 Negative keywords: 350
2025-06-08 18:31:12,759 - INFO - 📈 Most positive: 'brilliant' (+1.830)
2025-06-08 18:31:12,759 - INFO - 📉 Most negative: 'bad' (-1.360)
2025-06-08 18:31:12,759 - INFO - ============================================================
2025-06-08 18:31:12,759 - INFO - 📁 Reports generated:
2025-06-08 18:31:12,759 - INFO -    🌐 Interactive: results/keyword_sentiment_dashboard.html
2025-06-08 18:31:12,759 - INFO -    📄 Detailed Report: results/keyword_sentiment_report.html
2025-06-08 18:31:12,759 - INFO -    📊 Static Charts: results/keyword_sentiment_static.png
2025-06-08 18:31:12,759 - INFO -    📋 Data Files: results/detailed_keyword_sentiments.csv
2025-06-08 18:31:12,759 - INFO - ============================================================
2025-06-08 21:29:46,093 - INFO - ✅ Selenium imports successful
2025-06-08 21:29:46,098 - INFO - ✅ WebDriver Manager available
2025-06-08 21:29:46,098 - INFO - 🚀 Starting Enhanced Sponsorship Data Collection
2025-06-08 21:29:46,098 - INFO - ============================================================
2025-06-08 21:29:46,098 - INFO - 🐦 Enhanced Twitter data collection...
2025-06-08 21:29:46,099 - ERROR - Twitter API error: Consumer key must be string or bytes, not NoneType
2025-06-08 21:29:46,099 - INFO - Generating enhanced demo data...
2025-06-08 21:29:46,099 - INFO - Generating enhanced Twitter demo data...
2025-06-08 21:29:46,099 - INFO - ✅ Enhanced Twitter: 10 posts
2025-06-08 21:29:46,099 - INFO - 📱 Enhanced Reddit data collection...
2025-06-08 21:29:46,258 - INFO -    Searching r/soccer
2025-06-08 21:29:53,871 - INFO -    Searching r/football
2025-06-08 21:33:43,755 - INFO - Loaded main config.
2025-06-08 21:35:35,489 - INFO - Loaded main config.
2025-06-08 21:35:35,547 - INFO - Using enhanced API data collector.
2025-06-08 21:35:35,547 - INFO - 🚀 Starting Enhanced Sponsorship Data Collection
2025-06-08 21:35:35,547 - INFO - ============================================================
2025-06-08 21:35:35,547 - INFO - 🐦 Enhanced Twitter data collection...
2025-06-08 21:35:35,547 - ERROR - Twitter API error: Consumer key must be string or bytes, not NoneType
2025-06-08 21:35:35,547 - INFO - Generating enhanced demo data...
2025-06-08 21:35:35,547 - INFO - Generating enhanced Twitter demo data...
2025-06-08 21:35:35,547 - INFO - ✅ Enhanced Twitter: 10 posts
2025-06-08 21:35:35,547 - INFO - 📱 Enhanced Reddit data collection...
2025-06-08 21:35:35,547 - INFO -    Searching r/soccer
2025-06-08 21:35:43,126 - INFO -    Searching r/football
2025-06-08 21:35:49,893 - INFO -    Searching r/nba
2025-06-08 21:35:57,328 - INFO -    Searching r/nfl
2025-06-08 21:36:04,175 - INFO -    Searching r/baseball
2025-06-08 21:36:11,544 - INFO -    Searching r/hockey
2025-06-08 21:36:18,573 - INFO -    Searching r/sports
2025-06-08 21:36:25,393 - INFO -    Searching r/SportsBusiness
2025-06-08 21:36:32,199 - INFO - ✅ Collected 42 Reddit posts
2025-06-08 21:36:32,200 - INFO - ✅ Enhanced Reddit: 42 posts
2025-06-08 21:36:32,200 - INFO - 🕷️ Enhanced Selenium multi-site scraping...
2025-06-08 21:36:32,202 - INFO - ✅ Selenium imports successful
2025-06-08 21:36:32,215 - INFO - ✅ WebDriver Manager available
2025-06-08 21:36:32,215 - ERROR - Selenium scraping failed: 'EnhancedSponsorshipScraper' object has no attribute 'scrape_all_sites_enhanced'
2025-06-08 21:36:32,215 - INFO - Generating Selenium demo data...
2025-06-08 21:36:32,215 - INFO - ✅ Enhanced Selenium: 5 posts
2025-06-08 21:36:32,230 - INFO - Adding sponsorship metadata...
2025-06-08 21:36:32,239 - INFO - ============================================================
2025-06-08 21:36:32,239 - INFO - 📊 ENHANCED COLLECTION SUMMARY
2025-06-08 21:36:32,239 - INFO - ============================================================
2025-06-08 21:36:32,239 - INFO - Total sponsorship-relevant posts: 55
2025-06-08 21:36:32,240 - INFO -   Reddit: 40 posts (72.7%)
2025-06-08 21:36:32,240 - INFO -   Twitter: 10 posts (18.2%)
2025-06-08 21:36:32,240 - INFO -   Espn: 2 posts (3.6%)
2025-06-08 21:36:32,240 - INFO -   Front Office Sports: 2 posts (3.6%)
2025-06-08 21:36:32,240 - INFO -   Bleacher Report: 1 posts (1.8%)
2025-06-08 21:36:32,240 - INFO - \nTop mentioned brands:
2025-06-08 21:36:32,240 - INFO -   Other: 36 mentions
2025-06-08 21:36:32,240 - INFO -   Nike: 4 mentions
2025-06-08 21:36:32,240 - INFO -   Adidas: 3 mentions
2025-06-08 21:36:32,240 - INFO -   Emirates: 2 mentions
2025-06-08 21:36:32,240 - INFO -   Audi: 2 mentions
2025-06-08 21:36:32,241 - INFO - \nDate range: 2025-05-08 to 2025-06-07
2025-06-08 21:36:32,241 - INFO - ============================================================
2025-06-08 21:36:32,241 - INFO - Extracted 55 posts from Reddit & Instagram via API.
2025-06-08 21:36:32,241 - ERROR - XSeleniumScraper import failed: cannot import name 'XSeleniumScraper' from 'selenium_scraper' (/Users/rshah1309/Desktop/ISBA 2411/NLP_Sentiment_Analyzer/NLP_Sentiment_Analyzer/selenium_scraper.py)
2025-06-08 21:36:32,241 - INFO - Total posts after merging: 55
2025-06-08 21:36:34,190 - INFO - Using advanced NLP processor.
2025-06-08 21:36:34,231 - INFO - Attempting to load distilbert-base-uncased-finetuned-sst-2-english...
2025-06-08 21:36:34,956 - INFO - ✅ Transformer model distilbert-base-uncased-finetuned-sst-2-english loaded with SafeTensors
2025-06-08 21:36:34,957 - INFO - 🚀 Starting advanced NLP processing with safety measures...
2025-06-08 21:36:34,957 - INFO - Creating comprehensive NLP features...
2025-06-08 21:36:34,957 - INFO - Advanced text preprocessing...
2025-06-08 21:36:35,220 - INFO - Multi-method sentiment analysis...
2025-06-08 21:36:35,513 - WARNING - Transformer sentiment failed: _batch_encode_plus() got an unexpected keyword argument 'use_safetensors'
2025-06-08 21:36:35,514 - WARNING - Transformer sentiment failed: _batch_encode_plus() got an unexpected keyword argument 'use_safetensors'
2025-06-08 21:36:35,514 - WARNING - Transformer sentiment failed: _batch_encode_plus() got an unexpected keyword argument 'use_safetensors'
2025-06-08 21:36:35,514 - WARNING - Transformer sentiment failed: _batch_encode_plus() got an unexpected keyword argument 'use_safetensors'
2025-06-08 21:36:35,514 - WARNING - Transformer sentiment failed: _batch_encode_plus() got an unexpected keyword argument 'use_safetensors'
2025-06-08 21:36:35,514 - WARNING - Transformer sentiment failed: _batch_encode_plus() got an unexpected keyword argument 'use_safetensors'
2025-06-08 21:36:35,514 - WARNING - Transformer sentiment failed: _batch_encode_plus() got an unexpected keyword argument 'use_safetensors'
2025-06-08 21:36:35,514 - WARNING - Transformer sentiment failed: _batch_encode_plus() got an unexpected keyword argument 'use_safetensors'
2025-06-08 21:36:35,514 - WARNING - Transformer sentiment failed: _batch_encode_plus() got an unexpected keyword argument 'use_safetensors'
2025-06-08 21:36:35,514 - WARNING - Transformer sentiment failed: _batch_encode_plus() got an unexpected keyword argument 'use_safetensors'
2025-06-08 21:36:35,514 - WARNING - Transformer sentiment failed: _batch_encode_plus() got an unexpected keyword argument 'use_safetensors'
2025-06-08 21:36:35,514 - WARNING - Transformer sentiment failed: _batch_encode_plus() got an unexpected keyword argument 'use_safetensors'
2025-06-08 21:36:35,514 - WARNING - Transformer sentiment failed: _batch_encode_plus() got an unexpected keyword argument 'use_safetensors'
2025-06-08 21:36:35,515 - WARNING - Transformer sentiment failed: _batch_encode_plus() got an unexpected keyword argument 'use_safetensors'
2025-06-08 21:36:35,515 - WARNING - Transformer sentiment failed: _batch_encode_plus() got an unexpected keyword argument 'use_safetensors'
2025-06-08 21:36:35,515 - WARNING - Transformer sentiment failed: _batch_encode_plus() got an unexpected keyword argument 'use_safetensors'
2025-06-08 21:36:35,515 - WARNING - Transformer sentiment failed: _batch_encode_plus() got an unexpected keyword argument 'use_safetensors'
2025-06-08 21:36:35,515 - WARNING - Transformer sentiment failed: _batch_encode_plus() got an unexpected keyword argument 'use_safetensors'
2025-06-08 21:36:35,515 - WARNING - Transformer sentiment failed: _batch_encode_plus() got an unexpected keyword argument 'use_safetensors'
2025-06-08 21:36:35,515 - WARNING - Transformer sentiment failed: _batch_encode_plus() got an unexpected keyword argument 'use_safetensors'
2025-06-08 21:36:35,515 - WARNING - Transformer sentiment failed: _batch_encode_plus() got an unexpected keyword argument 'use_safetensors'
2025-06-08 21:36:35,515 - WARNING - Transformer sentiment failed: _batch_encode_plus() got an unexpected keyword argument 'use_safetensors'
2025-06-08 21:36:35,516 - WARNING - Transformer sentiment failed: _batch_encode_plus() got an unexpected keyword argument 'use_safetensors'
2025-06-08 21:36:35,516 - WARNING - Transformer sentiment failed: _batch_encode_plus() got an unexpected keyword argument 'use_safetensors'
2025-06-08 21:36:35,516 - WARNING - Transformer sentiment failed: _batch_encode_plus() got an unexpected keyword argument 'use_safetensors'
2025-06-08 21:36:35,516 - WARNING - Transformer sentiment failed: _batch_encode_plus() got an unexpected keyword argument 'use_safetensors'
2025-06-08 21:36:35,516 - WARNING - Transformer sentiment failed: _batch_encode_plus() got an unexpected keyword argument 'use_safetensors'
2025-06-08 21:36:35,516 - WARNING - Transformer sentiment failed: _batch_encode_plus() got an unexpected keyword argument 'use_safetensors'
2025-06-08 21:36:35,516 - WARNING - Transformer sentiment failed: _batch_encode_plus() got an unexpected keyword argument 'use_safetensors'
2025-06-08 21:36:35,516 - WARNING - Transformer sentiment failed: _batch_encode_plus() got an unexpected keyword argument 'use_safetensors'
2025-06-08 21:36:35,516 - WARNING - Transformer sentiment failed: _batch_encode_plus() got an unexpected keyword argument 'use_safetensors'
2025-06-08 21:36:35,517 - WARNING - Transformer sentiment failed: _batch_encode_plus() got an unexpected keyword argument 'use_safetensors'
2025-06-08 21:36:35,517 - WARNING - Transformer sentiment failed: _batch_encode_plus() got an unexpected keyword argument 'use_safetensors'
2025-06-08 21:36:35,517 - WARNING - Transformer sentiment failed: _batch_encode_plus() got an unexpected keyword argument 'use_safetensors'
2025-06-08 21:36:35,517 - WARNING - Transformer sentiment failed: _batch_encode_plus() got an unexpected keyword argument 'use_safetensors'
2025-06-08 21:36:35,517 - WARNING - Transformer sentiment failed: _batch_encode_plus() got an unexpected keyword argument 'use_safetensors'
2025-06-08 21:36:35,517 - WARNING - Transformer sentiment failed: _batch_encode_plus() got an unexpected keyword argument 'use_safetensors'
2025-06-08 21:36:35,517 - WARNING - Transformer sentiment failed: _batch_encode_plus() got an unexpected keyword argument 'use_safetensors'
2025-06-08 21:36:35,518 - WARNING - Transformer sentiment failed: _batch_encode_plus() got an unexpected keyword argument 'use_safetensors'
2025-06-08 21:36:35,518 - WARNING - Transformer sentiment failed: _batch_encode_plus() got an unexpected keyword argument 'use_safetensors'
2025-06-08 21:36:35,518 - WARNING - Transformer sentiment failed: _batch_encode_plus() got an unexpected keyword argument 'use_safetensors'
2025-06-08 21:36:35,518 - WARNING - Transformer sentiment failed: _batch_encode_plus() got an unexpected keyword argument 'use_safetensors'
2025-06-08 21:36:35,518 - WARNING - Transformer sentiment failed: _batch_encode_plus() got an unexpected keyword argument 'use_safetensors'
2025-06-08 21:36:35,518 - WARNING - Transformer sentiment failed: _batch_encode_plus() got an unexpected keyword argument 'use_safetensors'
2025-06-08 21:36:35,518 - WARNING - Transformer sentiment failed: _batch_encode_plus() got an unexpected keyword argument 'use_safetensors'
2025-06-08 21:36:35,519 - WARNING - Transformer sentiment failed: _batch_encode_plus() got an unexpected keyword argument 'use_safetensors'
2025-06-08 21:36:35,519 - WARNING - Transformer sentiment failed: _batch_encode_plus() got an unexpected keyword argument 'use_safetensors'
2025-06-08 21:36:35,519 - WARNING - Transformer sentiment failed: _batch_encode_plus() got an unexpected keyword argument 'use_safetensors'
2025-06-08 21:36:35,519 - WARNING - Transformer sentiment failed: _batch_encode_plus() got an unexpected keyword argument 'use_safetensors'
2025-06-08 21:36:35,519 - WARNING - Transformer sentiment failed: _batch_encode_plus() got an unexpected keyword argument 'use_safetensors'
2025-06-08 21:36:35,519 - WARNING - Transformer sentiment failed: _batch_encode_plus() got an unexpected keyword argument 'use_safetensors'
2025-06-08 21:36:35,519 - WARNING - Transformer sentiment failed: _batch_encode_plus() got an unexpected keyword argument 'use_safetensors'
2025-06-08 21:36:35,519 - WARNING - Transformer sentiment failed: _batch_encode_plus() got an unexpected keyword argument 'use_safetensors'
2025-06-08 21:36:35,519 - WARNING - Transformer sentiment failed: _batch_encode_plus() got an unexpected keyword argument 'use_safetensors'
2025-06-08 21:36:35,519 - WARNING - Transformer sentiment failed: _batch_encode_plus() got an unexpected keyword argument 'use_safetensors'
2025-06-08 21:36:35,519 - INFO - Computing ensemble sentiment...
2025-06-08 21:36:35,520 - INFO - Computing additional features...
2025-06-08 21:36:35,529 - INFO - ✅ Comprehensive features created for 55 posts
2025-06-08 21:36:35,529 - INFO - Training ML models with safety measures...
2025-06-08 21:36:35,540 - INFO - Training logistic_regression...
2025-06-08 21:36:35,543 - INFO - logistic_regression accuracy: 0.556
2025-06-08 21:36:35,544 - INFO - Training random_forest...
2025-06-08 21:36:35,568 - INFO - random_forest accuracy: 0.556
2025-06-08 21:36:35,568 - INFO - ✅ Successfully trained 2 ML models
2025-06-08 21:36:35,568 - INFO - Best model: logistic_regression (accuracy: 0.556)
2025-06-08 21:36:35,569 - INFO - Method correlation analysis completed
2025-06-08 21:36:35,570 - INFO - ✅ Method comparison completed
2025-06-08 21:36:35,570 - INFO - ✅ Advanced NLP processing completed successfully!
2025-06-08 21:36:35,570 - INFO - 📊 Processed 55 posts with multiple sentiment methods
2025-06-08 21:36:35,573 - INFO - NLP processing complete.
2025-06-08 21:36:35,592 - WARNING - GPT-2 refinement skipped/failed: cannot import name 'refine_with_gpt2' from 'integrated_gpt2_system' (/Users/rshah1309/Desktop/ISBA 2411/NLP_Sentiment_Analyzer/NLP_Sentiment_Analyzer/integrated_gpt2_system.py)
2025-06-08 21:36:35,657 - INFO - 🚀 Starting Comprehensive Keyword Sentiment Analysis...
2025-06-08 21:36:35,657 - INFO - ============================================================
2025-06-08 21:36:35,660 - INFO - 🔍 Analyzing keyword-level sentiments...
2025-06-08 21:36:36,551 - INFO - 📊 Creating keyword sentiment visualizations...
2025-06-08 21:36:38,811 - INFO - Keyword sentiment visualizations saved to results/
2025-06-08 21:36:38,811 - INFO - 📄 Generating keyword sentiment report...
2025-06-08 21:36:38,835 - INFO - Keyword data saved to CSV files in results/
2025-06-08 21:36:38,836 - INFO - Keyword sentiment report saved to results/keyword_sentiment_report.html
2025-06-08 21:36:38,836 - INFO - ============================================================
2025-06-08 21:36:38,836 - INFO - ✅ Comprehensive Keyword Sentiment Analysis Complete!
2025-06-08 21:36:38,836 - INFO - 📊 Analyzed 2445 unique keywords
2025-06-08 21:36:38,836 - INFO - 🟢 Positive keywords: 805
2025-06-08 21:36:38,836 - INFO - 🔴 Negative keywords: 350
2025-06-08 21:36:38,836 - INFO - 📈 Most positive: 'brilliant' (+1.830)
2025-06-08 21:36:38,836 - INFO - 📉 Most negative: 'bad' (-1.360)
2025-06-08 21:36:38,836 - INFO - ============================================================
2025-06-08 21:36:38,836 - INFO - 📁 Reports generated:
2025-06-08 21:36:38,836 - INFO -    🌐 Interactive: results/keyword_sentiment_dashboard.html
2025-06-08 21:36:38,836 - INFO -    📄 Detailed Report: results/keyword_sentiment_report.html
2025-06-08 21:36:38,836 - INFO -    📊 Static Charts: results/keyword_sentiment_static.png
2025-06-08 21:36:38,836 - INFO -    📋 Data Files: results/detailed_keyword_sentiments.csv
2025-06-08 21:36:38,836 - INFO - ============================================================
2025-06-08 21:36:38,836 - INFO - Keyword sentiment analysis complete.
2025-06-08 21:36:38,839 - INFO - Processed data saved to results/sponsorship_analysis_results.csv
2025-06-08 21:36:38,839 - ERROR - Visualization generation failed: cannot import name 'generate_all_visualizations' from 'sentiment_keyword_analyzer' (/Users/rshah1309/Desktop/ISBA 2411/NLP_Sentiment_Analyzer/NLP_Sentiment_Analyzer/sentiment_keyword_analyzer.py)
2025-06-08 21:36:38,839 - INFO - Pipeline complete. Results in results/ directory.
2025-06-08 21:37:21,411 - INFO - Loaded main config.
2025-06-08 21:37:21,470 - INFO - Using enhanced API data collector.
2025-06-08 21:37:21,470 - INFO - 🚀 Starting Enhanced Sponsorship Data Collection
2025-06-08 21:37:21,470 - INFO - ============================================================
2025-06-08 21:37:21,470 - INFO - 🐦 Enhanced Twitter data collection...
2025-06-08 21:37:21,470 - ERROR - Twitter API error: Consumer key must be string or bytes, not NoneType
2025-06-08 21:37:21,470 - INFO - Generating enhanced demo data...
2025-06-08 21:37:21,470 - INFO - Generating enhanced Twitter demo data...
2025-06-08 21:37:21,470 - INFO - ✅ Enhanced Twitter: 10 posts
2025-06-08 21:37:21,470 - INFO - 📱 Enhanced Reddit data collection...
2025-06-08 21:37:21,470 - INFO -    Searching r/soccer
2025-06-08 21:37:29,005 - INFO -    Searching r/football
2025-06-08 21:37:35,708 - INFO -    Searching r/nba
2025-06-08 21:37:42,483 - INFO -    Searching r/nfl
2025-06-08 21:37:49,267 - INFO -    Searching r/baseball
2025-06-08 21:37:56,086 - INFO -    Searching r/hockey
2025-06-08 21:38:02,904 - INFO -    Searching r/sports
2025-06-08 21:38:09,551 - INFO -    Searching r/SportsBusiness
2025-06-08 21:38:16,274 - INFO - ✅ Collected 42 Reddit posts
2025-06-08 21:38:16,275 - INFO - ✅ Enhanced Reddit: 42 posts
2025-06-08 21:38:16,275 - INFO - 🕷️ Enhanced Selenium multi-site scraping...
2025-06-08 21:38:16,276 - INFO - ✅ Selenium imports successful
2025-06-08 21:38:16,287 - INFO - ✅ WebDriver Manager available
2025-06-08 21:38:16,287 - ERROR - Selenium scraping failed: 'EnhancedSponsorshipScraper' object has no attribute 'scrape_all_sites_enhanced'
2025-06-08 21:38:16,288 - INFO - Generating Selenium demo data...
2025-06-08 21:38:16,288 - INFO - ✅ Enhanced Selenium: 5 posts
2025-06-08 21:38:16,297 - INFO - Adding sponsorship metadata...
2025-06-08 21:38:16,307 - INFO - ============================================================
2025-06-08 21:38:16,307 - INFO - 📊 ENHANCED COLLECTION SUMMARY
2025-06-08 21:38:16,307 - INFO - ============================================================
2025-06-08 21:38:16,307 - INFO - Total sponsorship-relevant posts: 55
2025-06-08 21:38:16,307 - INFO -   Reddit: 40 posts (72.7%)
2025-06-08 21:38:16,307 - INFO -   Twitter: 10 posts (18.2%)
2025-06-08 21:38:16,307 - INFO -   Espn: 2 posts (3.6%)
2025-06-08 21:38:16,307 - INFO -   Front Office Sports: 2 posts (3.6%)
2025-06-08 21:38:16,307 - INFO -   Bleacher Report: 1 posts (1.8%)
2025-06-08 21:38:16,308 - INFO - \nTop mentioned brands:
2025-06-08 21:38:16,308 - INFO -   Other: 36 mentions
2025-06-08 21:38:16,308 - INFO -   Nike: 4 mentions
2025-06-08 21:38:16,308 - INFO -   Adidas: 3 mentions
2025-06-08 21:38:16,308 - INFO -   Emirates: 2 mentions
2025-06-08 21:38:16,308 - INFO -   Audi: 2 mentions
2025-06-08 21:38:16,308 - INFO - \nDate range: 2025-05-08 to 2025-06-07
2025-06-08 21:38:16,308 - INFO - ============================================================
2025-06-08 21:38:16,308 - INFO - Extracted 55 posts from Reddit & Instagram via API.
2025-06-08 21:38:16,308 - ERROR - XSeleniumScraper import failed: cannot import name 'XSeleniumScraper' from 'selenium_scraper' (/Users/rshah1309/Desktop/ISBA 2411/NLP_Sentiment_Analyzer/NLP_Sentiment_Analyzer/selenium_scraper.py)
2025-06-08 21:38:16,309 - INFO - Total posts after merging: 55
2025-06-08 21:38:18,328 - INFO - Using advanced NLP processor.
2025-06-08 21:38:18,370 - INFO - Attempting to load distilbert-base-uncased-finetuned-sst-2-english...
2025-06-08 21:38:18,943 - INFO - ✅ Transformer model distilbert-base-uncased-finetuned-sst-2-english loaded with SafeTensors
2025-06-08 21:38:18,943 - INFO - 🚀 Starting advanced NLP processing with safety measures...
2025-06-08 21:38:18,943 - INFO - Creating comprehensive NLP features...
2025-06-08 21:38:18,943 - INFO - Advanced text preprocessing...
2025-06-08 21:38:19,208 - INFO - Multi-method sentiment analysis...
